<?xml version='1.0' encoding='utf-8'?>
<!DOCTYPE coverage SYSTEM 'http://cobertura.sourceforge.net/xml/coverage-04.dtd'>
<coverage line-rate="0.9819819819819819" branch-rate="1.0" lines-covered="109" lines-valid="111" branches-covered="111" branches-valid="111" complexity="0.0" timestamp="1790113788" version="gcovr 8.6"><sources><source>C:/Users/topod/Documents/Codex/2026-09-23/new-chat/outputs/Laboratory_1_variant_12/lab_device</source></sources><packages><package name="" line-rate="0.9819819819819819" branch-rate="1.0" complexity="0.0"><classes><class name="device_cpp" filename="device.cpp" line-rate="1.0" branch-rate="1.0" complexity="0.0"><methods><method name="Stream::Stream" signature="(int)" line-rate="1.0" branch-rate="1.0" complexity="0.0"><lines><line number="8" hits="64" branch="true" condition-coverage="100% (1/1)"><conditions><condition number="0" type="jump" coverage="100%"/></conditions></line></lines></method><method name="Stream::setName" signature="(std::__cxx11::basic_string&lt;char, std::char_traits&lt;char&gt;, std::allocator&lt;char&gt; &gt;)" line-rate="1.0" branch-rate="1.0" complexity="0.0"><lines><line number="9" hits="2" branch="false"/></lines></method><method name="Stream::getName[abi:cxx11]" signature="() const" line-rate="1.0" branch-rate="1.0" complexity="0.0"><lines><line number="10" hits="8" branch="false"/></lines></method><method name="Stream::setMassFlow" signature="(double)" line-rate="1.0" branch-rate="1.0" complexity="0.0"><lines><line number="11" hits="98" branch="false"/><line number="12" hits="98" branch="true" condition-coverage="100% (6/6)"><conditions><condition number="0" type="jump" coverage="100%"/></conditions></line><line number="13" hits="3" branch="true" condition-coverage="100% (1/1)"><conditions><condition number="0" type="jump" coverage="100%"/></conditions></line><line number="15" hits="95" branch="false"/><line number="16" hits="95" branch="false"/></lines></method><method name="Stream::getMassFlow" signature="() const" line-rate="1.0" branch-rate="1.0" complexity="0.0"><lines><line number="17" hits="49" branch="false"/></lines></method><method name="Stream::print" signature="(std::ostream&amp;) const" line-rate="1.0" branch-rate="1.0" complexity="0.0"><lines><line number="18" hits="1" branch="false"/><line number="19" hits="1" branch="false"/><line number="20" hits="1" branch="false"/></lines></method><method name="Device::Device" signature="(unsigned long long, unsigned long long)" line-rate="1.0" branch-rate="1.0" complexity="0.0"><lines><line number="22" hits="44" branch="false"/><line number="23" hits="44" branch="false"/></lines></method><method name="Device::addInput" signature="(std::shared_ptr&lt;Stream&gt;)" line-rate="1.0" branch-rate="1.0" complexity="0.0"><lines><line number="25" hits="46" branch="false"/><line number="26" hits="46" branch="true" condition-coverage="100% (3/3)"><conditions><condition number="0" type="jump" coverage="100%"/></conditions></line><line number="27" hits="90" branch="true" condition-coverage="100% (3/3)"><conditions><condition number="0" type="jump" coverage="100%"/></conditions></line><line number="28" hits="1" branch="true" condition-coverage="100% (1/1)"><conditions><condition number="0" type="jump" coverage="100%"/></conditions></line><line number="30" hits="44" branch="true" condition-coverage="100% (3/3)"><conditions><condition number="0" type="jump" coverage="100%"/></conditions></line><line number="31" hits="86" branch="false"/><line number="32" hits="43" branch="false"/><line number="33" hits="43" branch="false"/></lines></method><method name="Device::addOutput" signature="(std::shared_ptr&lt;Stream&gt;)" line-rate="1.0" branch-rate="1.0" complexity="0.0"><lines><line number="34" hits="44" branch="false"/><line number="35" hits="44" branch="true" condition-coverage="100% (3/3)"><conditions><condition number="0" type="jump" coverage="100%"/></conditions></line><line number="36" hits="86" branch="true" condition-coverage="100% (3/3)"><conditions><condition number="0" type="jump" coverage="100%"/></conditions></line><line number="37" hits="1" branch="true" condition-coverage="100% (1/1)"><conditions><condition number="0" type="jump" coverage="100%"/></conditions></line><line number="39" hits="42" branch="true" condition-coverage="100% (3/3)"><conditions><condition number="0" type="jump" coverage="100%"/></conditions></line><line number="40" hits="82" branch="false"/><line number="41" hits="41" branch="false"/><line number="42" hits="41" branch="false"/></lines></method><method name="Device::getInputs" signature="() const" line-rate="1.0" branch-rate="1.0" complexity="0.0"><lines><line number="43" hits="139" branch="false"/><line number="44" hits="139" branch="false"/></lines></method><method name="Device::getOutputs" signature="() const" line-rate="1.0" branch-rate="1.0" complexity="0.0"><lines><line number="46" hits="52" branch="false"/><line number="47" hits="52" branch="false"/></lines></method><method name="Device::isCalculated" signature="() const" line-rate="1.0" branch-rate="1.0" complexity="0.0"><lines><line number="49" hits="34" branch="false"/></lines></method><method name="Device::resetCalculated" signature="()" line-rate="1.0" branch-rate="1.0" complexity="0.0"><lines><line number="50" hits="119" branch="false"/></lines></method><method name="Device::updateOutputs" signature="()" line-rate="1.0" branch-rate="1.0" complexity="0.0"><lines><line number="52" hits="32" branch="false"/><line number="53" hits="32" branch="false"/><line number="54" hits="32" branch="true" condition-coverage="100% (6/6)"><conditions><condition number="0" type="jump" coverage="100%"/></conditions></line><line number="55" hits="4" branch="true" condition-coverage="100% (1/1)"><conditions><condition number="0" type="jump" coverage="100%"/></conditions></line><line number="57" hits="28" branch="false"/><line number="58" hits="27" branch="false"/><line number="59" hits="27" branch="false"/></lines></method><method name="Mixer::Mixer" signature="(int)" line-rate="1.0" branch-rate="1.0" complexity="0.0"><lines><line number="61" hits="6" branch="false"/><line number="62" hits="6" branch="false"/><line number="63" hits="6" branch="true" condition-coverage="100% (3/3)"><conditions><condition number="0" type="jump" coverage="100%"/></conditions></line><line number="64" hits="6" branch="false"/></lines></method><method name="Mixer::calculateOutputs" signature="()" line-rate="1.0" branch-rate="1.0" complexity="0.0"><lines><line number="65" hits="5" branch="false"/><line number="66" hits="5" branch="false"/><line number="67" hits="32" branch="true" condition-coverage="100% (2/2)"><conditions><condition number="0" type="jump" coverage="100%"/></conditions></line><line number="68" hits="5" branch="true" condition-coverage="100% (3/3)"><conditions><condition number="0" type="jump" coverage="100%"/></conditions></line><line number="69" hits="4" branch="false"/><line number="70" hits="4" branch="false"/></lines></method><method name="Reactor::Reactor" signature="(bool)" line-rate="1.0" branch-rate="1.0" complexity="0.0"><lines><line number="71" hits="38" branch="true" condition-coverage="100% (2/2)"><conditions><condition number="0" type="jump" coverage="100%"/></conditions></line></lines></method><method name="Reactor::calculateOutputs" signature="()" line-rate="1.0" branch-rate="1.0" complexity="0.0"><lines><line number="72" hits="23" branch="false"/><line number="73" hits="23" branch="false"/><line number="74" hits="96" branch="true" condition-coverage="100% (3/3)"><conditions><condition number="0" type="jump" coverage="100%"/></conditions></line><line number="75" hits="23" branch="false"/></lines></method></methods><lines><line number="8" hits="64" branch="true" condition-coverage="100% (1/1)"><conditions><condition number="0" type="jump" coverage="100%"/></conditions></line><line number="9" hits="2" branch="false"/><line number="10" hits="8" branch="false"/><line number="11" hits="98" branch="false"/><line number="12" hits="98" branch="true" condition-coverage="100% (6/6)"><conditions><condition number="0" type="jump" coverage="100%"/></conditions></line><line number="13" hits="3" branch="true" condition-coverage="100% (1/1)"><conditions><condition number="0" type="jump" coverage="100%"/></conditions></line><line number="15" hits="95" branch="false"/><line number="16" hits="95" branch="false"/><line number="17" hits="49" branch="false"/><line number="18" hits="1" branch="false"/><line number="19" hits="1" branch="false"/><line number="20" hits="1" branch="false"/><line number="22" hits="44" branch="false"/><line number="23" hits="44" branch="false"/><line number="25" hits="46" branch="false"/><line number="26" hits="46" branch="true" condition-coverage="100% (3/3)"><conditions><condition number="0" type="jump" coverage="100%"/></conditions></line><line number="27" hits="90" branch="true" condition-coverage="100% (3/3)"><conditions><condition number="0" type="jump" coverage="100%"/></conditions></line><line number="28" hits="1" branch="true" condition-coverage="100% (1/1)"><conditions><condition number="0" type="jump" coverage="100%"/></conditions></line><line number="30" hits="44" branch="true" condition-coverage="100% (3/3)"><conditions><condition number="0" type="jump" coverage="100%"/></conditions></line><line number="31" hits="86" branch="false"/><line number="32" hits="43" branch="false"/><line number="33" hits="43" branch="false"/><line number="34" hits="44" branch="false"/><line number="35" hits="44" branch="true" condition-coverage="100% (3/3)"><conditions><condition number="0" type="jump" coverage="100%"/></conditions></line><line number="36" hits="86" branch="true" condition-coverage="100% (3/3)"><conditions><condition number="0" type="jump" coverage="100%"/></conditions></line><line number="37" hits="1" branch="true" condition-coverage="100% (1/1)"><conditions><condition number="0" type="jump" coverage="100%"/></conditions></line><line number="39" hits="42" branch="true" condition-coverage="100% (3/3)"><conditions><condition number="0" type="jump" coverage="100%"/></conditions></line><line number="40" hits="82" branch="false"/><line number="41" hits="41" branch="false"/><line number="42" hits="41" branch="false"/><line number="43" hits="139" branch="false"/><line number="44" hits="139" branch="false"/><line number="46" hits="52" branch="false"/><line number="47" hits="52" branch="false"/><line number="49" hits="34" branch="false"/><line number="50" hits="119" branch="false"/><line number="52" hits="32" branch="false"/><line number="53" hits="32" branch="false"/><line number="54" hits="32" branch="true" condition-coverage="100% (6/6)"><conditions><condition number="0" type="jump" coverage="100%"/></conditions></line><line number="55" hits="4" branch="true" condition-coverage="100% (1/1)"><conditions><condition number="0" type="jump" coverage="100%"/></conditions></line><line number="57" hits="28" branch="false"/><line number="58" hits="27" branch="false"/><line number="59" hits="27" branch="false"/><line number="61" hits="6" branch="false"/><line number="62" hits="6" branch="false"/><line number="63" hits="6" branch="true" condition-coverage="100% (3/3)"><conditions><condition number="0" type="jump" coverage="100%"/></conditions></line><line number="64" hits="6" branch="false"/><line number="65" hits="5" branch="false"/><line number="66" hits="5" branch="false"/><line number="67" hits="32" branch="true" condition-coverage="100% (2/2)"><conditions><condition number="0" type="jump" coverage="100%"/></conditions></line><line number="68" hits="5" branch="true" condition-coverage="100% (3/3)"><conditions><condition number="0" type="jump" coverage="100%"/></conditions></line><line number="69" hits="4" branch="false"/><line number="70" hits="4" branch="false"/><line number="71" hits="38" branch="true" condition-coverage="100% (2/2)"><conditions><condition number="0" type="jump" coverage="100%"/></conditions></line><line number="72" hits="23" branch="false"/><line number="73" hits="23" branch="false"/><line number="74" hits="96" branch="true" condition-coverage="100% (3/3)"><conditions><condition number="0" type="jump" coverage="100%"/></conditions></line><line number="75" hits="23" branch="false"/></lines></class><class name="device_hpp" filename="device.hpp" line-rate="0.0" branch-rate="1.0" complexity="0.0"><methods><method name="Device::~Device" signature="()" line-rate="0.0" branch-rate="1.0" complexity="0.0"><lines><line number="26" hits="0" branch="false"/></lines></method></methods><lines><line number="26" hits="0" branch="false"/></lines></class><class name="recycle_cpp" filename="recycle.cpp" line-rate="0.9807692307692307" branch-rate="1.0" complexity="0.0"><methods><method name="(anonymous namespace)::validateScheme" signature="(std::vector&lt;std::shared_ptr&lt;Device&gt;, std::allocator&lt;std::shared_ptr&lt;Device&gt; &gt; &gt; const&amp;)" line-rate="1.0" branch-rate="1.0" complexity="0.0"><lines><line number="9" hits="60" branch="false"/><line number="10" hits="60" branch="false"/><line number="11" hits="255" branch="true" condition-coverage="100% (2/2)"><conditions><condition number="0" type="jump" coverage="100%"/></conditions></line><line number="12" hits="139" branch="true" condition-coverage="100% (3/3)"><conditions><condition number="0" type="jump" coverage="100%"/></conditions></line><line number="13" hits="137" branch="true" condition-coverage="100% (3/3)"><conditions><condition number="0" type="jump" coverage="100%"/></conditions></line><line number="14" hits="2" branch="true" condition-coverage="100% (1/1)"><conditions><condition number="0" type="jump" coverage="100%"/></conditions></line><line number="17" hits="60" branch="false"/></lines></method><method name="(anonymous namespace)::sourceIndex" signature="(Device const&amp;, std::vector&lt;std::shared_ptr&lt;Device&gt;, std::allocator&lt;std::shared_ptr&lt;Device&gt; &gt; &gt; const&amp;)" line-rate="1.0" branch-rate="1.0" complexity="0.0"><lines><line number="19" hits="42" branch="false"/><line number="20" hits="70" branch="true" condition-coverage="100% (2/2)"><conditions><condition number="0" type="jump" coverage="100%"/></conditions></line><line number="21" hits="68" branch="true" condition-coverage="100% (2/2)"><conditions><condition number="0" type="jump" coverage="100%"/></conditions></line><line number="23" hits="2" branch="true" condition-coverage="100% (1/1)"><conditions><condition number="0" type="jump" coverage="100%"/></conditions></line></lines></method><method name="(anonymous namespace)::receives" signature="(Device const&amp;, std::shared_ptr&lt;Stream&gt; const&amp;)" line-rate="1.0" branch-rate="1.0" complexity="0.0"><lines><line number="26" hits="137" branch="false"/><line number="27" hits="137" branch="false"/><line number="28" hits="274" branch="true" condition-coverage="100% (1/1)"><conditions><condition number="0" type="jump" coverage="100%"/></conditions></line></lines></method><method name="checkRecycle" signature="(Device const&amp;, std::vector&lt;std::shared_ptr&lt;Device&gt;, std::allocator&lt;std::shared_ptr&lt;Device&gt; &gt; &gt; const&amp;, std::ostream&amp;)" line-rate="1.0" branch-rate="1.0" complexity="0.0"><lines><line number="32" hits="22" branch="false"/><line number="33" hits="22" branch="false"/><line number="34" hits="21" branch="false"/><line number="35" hits="20" branch="false"/><line number="36" hits="61" branch="true" condition-coverage="100% (2/2)"><conditions><condition number="0" type="jump" coverage="100%"/></conditions></line><line number="37" hits="75" branch="true" condition-coverage="100% (2/2)"><conditions><condition number="0" type="jump" coverage="100%"/></conditions></line><line number="38" hits="54" branch="true" condition-coverage="100% (7/7)"><conditions><condition number="0" type="jump" coverage="100%"/></conditions></line><line number="39" hits="7" branch="true" condition-coverage="100% (4/4)"><conditions><condition number="0" type="jump" coverage="100%"/></conditions></line><line number="40" hits="7" branch="false"/><line number="41" hits="14" branch="true" condition-coverage="100% (3/3)"><conditions><condition number="0" type="jump" coverage="100%"/></conditions></line><line number="42" hits="7" branch="false"/><line number="46" hits="20" branch="false"/></lines></method><method name="updateAndCheckRecycle" signature="(Device&amp;, std::vector&lt;std::shared_ptr&lt;Device&gt;, std::allocator&lt;std::shared_ptr&lt;Device&gt; &gt; &gt; const&amp;, std::ostream&amp;)" line-rate="1.0" branch-rate="1.0" complexity="0.0"><lines><line number="49" hits="22" branch="false"/><line number="50" hits="22" branch="false"/><line number="51" hits="21" branch="false"/><line number="52" hits="20" branch="false"/><line number="53" hits="19" branch="false"/></lines></method><method name="resetCalculationState" signature="(std::vector&lt;std::shared_ptr&lt;Device&gt;, std::allocator&lt;std::shared_ptr&lt;Device&gt; &gt; &gt; const&amp;)" line-rate="1.0" branch-rate="1.0" complexity="0.0"><lines><line number="56" hits="3" branch="false"/><line number="57" hits="3" branch="false"/><line number="58" hits="8" branch="true" condition-coverage="100% (2/2)"><conditions><condition number="0" type="jump" coverage="100%"/></conditions></line><line number="59" hits="2" branch="false"/></lines></method><method name="hasDirectedCycle" signature="(std::vector&lt;std::shared_ptr&lt;Device&gt;, std::allocator&lt;std::shared_ptr&lt;Device&gt; &gt; &gt; const&amp;)" line-rate="1.0" branch-rate="1.0" complexity="0.0"><lines><line number="61" hits="13" branch="false"/><line number="62" hits="13" branch="true" condition-coverage="100% (1/1)"><conditions><condition number="0" type="jump" coverage="100%"/></conditions></line><line number="64" hits="24" branch="true" condition-coverage="100% (1/1)"><conditions><condition number="0" type="jump" coverage="100%"/></conditions></line><line number="77" hits="29" branch="true" condition-coverage="100% (2/2)"><conditions><condition number="0" type="jump" coverage="100%"/></conditions></line><line number="78" hits="22" branch="true" condition-coverage="100% (7/7)"><conditions><condition number="0" type="jump" coverage="100%"/></conditions></line><line number="80" hits="7" branch="false"/><line number="81" hits="12" branch="false"/></lines></method><method name="hasDirectedCycle(std::vector&lt;std::shared_ptr&lt;Device&gt;, std::allocator&lt;std::shared_ptr&lt;Device&gt; &gt; &gt; const&amp;)::{lambda(unsigned long long)#1}::operator()" signature="(unsigned long long) const" line-rate="0.9" branch-rate="1.0" complexity="0.0"><lines><line number="65" hits="0" branch="false"/><line number="66" hits="28" branch="false"/><line number="67" hits="74" branch="true" condition-coverage="100% (2/2)"><conditions><condition number="0" type="jump" coverage="100%"/></conditions></line><line number="68" hits="101" branch="true" condition-coverage="100% (2/2)"><conditions><condition number="0" type="jump" coverage="100%"/></conditions></line><line number="69" hits="83" branch="true" condition-coverage="100% (3/3)"><conditions><condition number="0" type="jump" coverage="100%"/></conditions></line><line number="70" hits="28" branch="true" condition-coverage="100% (2/2)"><conditions><condition number="0" type="jump" coverage="100%"/></conditions></line><line number="71" hits="17" branch="true" condition-coverage="100% (7/7)"><conditions><condition number="0" type="jump" coverage="100%"/></conditions></line><line number="74" hits="17" branch="false"/><line number="75" hits="17" branch="false"/><line number="76" hits="12" branch="true" condition-coverage="100% (1/1)"><conditions><condition number="0" type="jump" coverage="100%"/></conditions></line></lines></method></methods><lines><line number="9" hits="60" branch="false"/><line number="10" hits="60" branch="false"/><line number="11" hits="255" branch="true" condition-coverage="100% (2/2)"><conditions><condition number="0" type="jump" coverage="100%"/></conditions></line><line number="12" hits="139" branch="true" condition-coverage="100% (3/3)"><conditions><condition number="0" type="jump" coverage="100%"/></conditions></line><line number="13" hits="137" branch="true" condition-coverage="100% (3/3)"><conditions><condition number="0" type="jump" coverage="100%"/></conditions></line><line number="14" hits="2" branch="true" condition-coverage="100% (1/1)"><conditions><condition number="0" type="jump" coverage="100%"/></conditions></line><line number="17" hits="60" branch="false"/><line number="19" hits="42" branch="false"/><line number="20" hits="70" branch="true" condition-coverage="100% (2/2)"><conditions><condition number="0" type="jump" coverage="100%"/></conditions></line><line number="21" hits="68" branch="true" condition-coverage="100% (2/2)"><conditions><condition number="0" type="jump" coverage="100%"/></conditions></line><line number="23" hits="2" branch="true" condition-coverage="100% (1/1)"><conditions><condition number="0" type="jump" coverage="100%"/></conditions></line><line number="26" hits="137" branch="false"/><line number="27" hits="137" branch="false"/><line number="28" hits="274" branch="true" condition-coverage="100% (1/1)"><conditions><condition number="0" type="jump" coverage="100%"/></conditions></line><line number="32" hits="22" branch="false"/><line number="33" hits="22" branch="false"/><line number="34" hits="21" branch="false"/><line number="35" hits="20" branch="false"/><line number="36" hits="61" branch="true" condition-coverage="100% (2/2)"><conditions><condition number="0" type="jump" coverage="100%"/></conditions></line><line number="37" hits="75" branch="true" condition-coverage="100% (2/2)"><conditions><condition number="0" type="jump" coverage="100%"/></conditions></line><line number="38" hits="54" branch="true" condition-coverage="100% (7/7)"><conditions><condition number="0" type="jump" coverage="100%"/></conditions></line><line number="39" hits="7" branch="true" condition-coverage="100% (4/4)"><conditions><condition number="0" type="jump" coverage="100%"/></conditions></line><line number="40" hits="7" branch="false"/><line number="41" hits="14" branch="true" condition-coverage="100% (3/3)"><conditions><condition number="0" type="jump" coverage="100%"/></conditions></line><line number="42" hits="7" branch="false"/><line number="46" hits="20" branch="false"/><line number="49" hits="22" branch="false"/><line number="50" hits="22" branch="false"/><line number="51" hits="21" branch="false"/><line number="52" hits="20" branch="false"/><line number="53" hits="19" branch="false"/><line number="56" hits="3" branch="false"/><line number="57" hits="3" branch="false"/><line number="58" hits="8" branch="true" condition-coverage="100% (2/2)"><conditions><condition number="0" type="jump" coverage="100%"/></conditions></line><line number="59" hits="2" branch="false"/><line number="61" hits="13" branch="false"/><line number="62" hits="13" branch="true" condition-coverage="100% (1/1)"><conditions><condition number="0" type="jump" coverage="100%"/></conditions></line><line number="64" hits="24" branch="true" condition-coverage="100% (1/1)"><conditions><condition number="0" type="jump" coverage="100%"/></conditions></line><line number="65" hits="0" branch="false"/><line number="66" hits="28" branch="false"/><line number="67" hits="74" branch="true" condition-coverage="100% (2/2)"><conditions><condition number="0" type="jump" coverage="100%"/></conditions></line><line number="68" hits="101" branch="true" condition-coverage="100% (2/2)"><conditions><condition number="0" type="jump" coverage="100%"/></conditions></line><line number="69" hits="83" branch="true" condition-coverage="100% (3/3)"><conditions><condition number="0" type="jump" coverage="100%"/></conditions></line><line number="70" hits="28" branch="true" condition-coverage="100% (2/2)"><conditions><condition number="0" type="jump" coverage="100%"/></conditions></line><line number="71" hits="17" branch="true" condition-coverage="100% (7/7)"><conditions><condition number="0" type="jump" coverage="100%"/></conditions></line><line number="74" hits="17" branch="false"/><line number="75" hits="17" branch="false"/><line number="76" hits="12" branch="true" condition-coverage="100% (1/1)"><conditions><condition number="0" type="jump" coverage="100%"/></conditions></line><line number="77" hits="29" branch="true" condition-coverage="100% (2/2)"><conditions><condition number="0" type="jump" coverage="100%"/></conditions></line><line number="78" hits="22" branch="true" condition-coverage="100% (7/7)"><conditions><condition number="0" type="jump" coverage="100%"/></conditions></line><line number="80" hits="7" branch="false"/><line number="81" hits="12" branch="false"/></lines></class></classes></package></packages></coverage>